[2024-08-17 15:04:36] [ INFO ] [PacienteServiceTest:15] Iniciando pruebaBusquedaPaciente...
[2024-08-17 15:04:36] [ INFO ] [BD:32] datos cargados con exito
[2024-08-17 15:04:36] [ INFO ] [PacienteService:23] Buscando paciente con ID: 2
[2024-08-17 15:04:36] [ INFO ] [PacienteDAOH2:82] iniciando las operaciones de : busqueda  de un paciente: 2
[2024-08-17 15:04:36] [ INFO ] [DomicilioDAOH2:49] iniciando las operaciones de : busqueda de un domicilio con ID: 2
[2024-08-17 15:04:36] [ INFO ] [PacienteService:26] Paciente encontrado: com.example.clinicaOdontologica.Model.Paciente@2ca26d77
[2024-08-17 15:04:36] [ INFO ] [PacienteServiceTest:23] Paciente encontrado: com.example.clinicaOdontologica.Model.Paciente@2ca26d77
[2024-08-17 15:04:36] [ INFO ] [PacienteServiceTest:27] El apellido del paciente es el esperado: Vasquez
[2024-08-17 15:04:50] [ INFO ] [OdontologoServiceTest:19] Iniciando pruebaGuardarOdontologo...
[2024-08-17 15:04:50] [ INFO ] [BD:32] datos cargados con exito
[2024-08-17 15:04:50] [ INFO ] [OdontologoService:26] Listando todos los odontólogos
[2024-08-17 15:04:50] [ INFO ] [OdontologoDAOH2:51] iniciando las operaciones de listado
[2024-08-17 15:04:50] [ INFO ] [OdontologoService:28] Número de odontólogos encontrados: 2
[2024-08-17 15:04:50] [ INFO ] [OdontologoServiceTest:28] Lista de odontólogos obtenida con DAO H2: [com.example.clinicaOdontologica.Model.Odontologo@264f218, com.example.clinicaOdontologica.Model.Odontologo@3576ddc2]
[2024-08-17 15:04:50] [ INFO ] [OdontologoServiceTest:32] La lista de odontólogos con DAO H2 no está vacía
[2024-08-17 16:12:24] [ INFO ] [OdontologoServiceTest:19] Iniciando pruebaGuardarOdontologo...
[2024-08-17 16:12:24] [ INFO ] [BD:32] datos cargados con exito
[2024-08-17 16:12:24] [ INFO ] [OdontologoService:26] Listando todos los odontólogos
[2024-08-17 16:12:24] [ INFO ] [OdontologoDAOH2:51] iniciando las operaciones de listado
[2024-08-17 16:12:24] [ INFO ] [OdontologoService:28] Número de odontólogos encontrados: 2
[2024-08-17 16:12:24] [ INFO ] [OdontologoServiceTest:28] Lista de odontólogos obtenida con DAO H2: [com.example.clinicaOdontologica.Model.Odontologo@264f218, com.example.clinicaOdontologica.Model.Odontologo@3576ddc2]
[2024-08-17 16:12:24] [ INFO ] [OdontologoServiceTest:32] La lista de odontólogos con DAO H2 no está vacía
[2024-08-17 16:19:05] [ INFO ] [OdontologoServiceTest:19] Iniciando pruebaGuardarOdontologo...
[2024-08-17 16:19:05] [ INFO ] [BD:32] datos cargados con exito
[2024-08-17 16:19:05] [ INFO ] [OdontologoService:26] Listando todos los odontólogos
[2024-08-17 16:19:05] [ INFO ] [OdontologoDAOH2:51] iniciando las operaciones de listado
[2024-08-17 16:19:05] [ INFO ] [OdontologoService:28] Número de odontólogos encontrados: 2
[2024-08-17 16:19:05] [ INFO ] [OdontologoServiceTest:28] Lista de odontólogos obtenida con DAO H2: [com.example.clinicaOdontologica.Model.Odontologo@47c81abf, com.example.clinicaOdontologica.Model.Odontologo@776a6d9b]
[2024-08-17 16:19:05] [ INFO ] [OdontologoServiceTest:32] La lista de odontólogos con DAO H2 no está vacía
[2024-08-18 20:39:15] [ INFO ] [PacienteServiceTest:15] Iniciando pruebaBusquedaPaciente...
[2024-08-18 20:39:15] [ INFO ] [BD:32] datos cargados con exito
[2024-08-18 20:39:15] [ INFO ] [PacienteService:23] Buscando paciente con ID: 2
[2024-08-18 20:39:15] [ INFO ] [PacienteDAOH2:82] iniciando las operaciones de : busqueda  de un paciente: 2
[2024-08-18 20:39:15] [ INFO ] [DomicilioDAOH2:49] iniciando las operaciones de : busqueda de un domicilio con ID: 2
[2024-08-18 20:39:15] [ INFO ] [PacienteService:26] Paciente encontrado: com.example.clinicaOdontologica.Model.Paciente@4c5ae43b
[2024-08-18 20:39:15] [ INFO ] [PacienteServiceTest:23] Paciente encontrado: com.example.clinicaOdontologica.Model.Paciente@4c5ae43b
[2024-08-18 20:39:15] [ INFO ] [PacienteServiceTest:27] El apellido del paciente es el esperado: Vasquez
[2024-08-18 20:56:44] [ INFO ] [PacienteServiceTest:15] Iniciando pruebaBusquedaPaciente...
[2024-08-18 20:56:44] [ INFO ] [BD:36] datos cargados con exito
[2024-08-18 20:56:44] [ INFO ] [PacienteService:25] Buscando paciente con ID: 2
[2024-08-18 20:56:44] [ INFO ] [PacienteDAOH2:133] Iniciando las operaciones de: búsqueda de paciente con ID: 2
[2024-08-18 20:56:44] [ INFO ] [DomicilioDAOH2:49] iniciando las operaciones de : busqueda de un domicilio con ID: 2
[2024-08-18 20:56:44] [ INFO ] [PacienteService:28] Paciente encontrado: com.example.clinicaOdontologica.Model.Paciente@4c5ae43b
[2024-08-18 20:56:44] [ INFO ] [PacienteServiceTest:23] Paciente encontrado: com.example.clinicaOdontologica.Model.Paciente@4c5ae43b
[2024-08-18 20:56:44] [ INFO ] [PacienteServiceTest:27] El apellido del paciente es el esperado: Vasquez
[2024-08-18 21:01:43] [ INFO ] [PacienteService:37] Listando todos los pacientes
[2024-08-18 21:01:43] [ INFO ] [PacienteDAOH2:21] Iniciando las operaciones de: listar todos los pacientes
[2024-08-18 21:01:43] [ ERROR] [PacienteDAOH2:43] Problemas con la BD: org.h2.Driver
[2024-08-18 21:03:00] [ INFO ] [PacienteService:37] Listando todos los pacientes
[2024-08-18 21:03:00] [ INFO ] [PacienteDAOH2:21] Iniciando las operaciones de: listar todos los pacientes
[2024-08-18 21:03:00] [ ERROR] [PacienteDAOH2:43] Problemas con la BD: org.h2.Driver
[2024-08-18 21:06:55] [ INFO ] [PacienteServiceTest:15] Iniciando pruebaBusquedaPaciente...
[2024-08-18 21:06:55] [ INFO ] [BD:36] datos cargados con exito
[2024-08-18 21:06:55] [ INFO ] [PacienteService:26] Buscando paciente con ID: 2
[2024-08-18 21:06:55] [ INFO ] [PacienteDAOH2:133] Iniciando las operaciones de: búsqueda de paciente con ID: 2
[2024-08-18 21:06:55] [ INFO ] [DomicilioDAOH2:49] iniciando las operaciones de : busqueda de un domicilio con ID: 2
[2024-08-18 21:06:55] [ INFO ] [PacienteService:29] Paciente encontrado: com.example.clinicaOdontologica.Model.Paciente@4c5ae43b
[2024-08-18 21:06:55] [ INFO ] [PacienteServiceTest:23] Paciente encontrado: com.example.clinicaOdontologica.Model.Paciente@4c5ae43b
[2024-08-18 21:06:55] [ INFO ] [PacienteServiceTest:27] El apellido del paciente es el esperado: Vasquez
[2024-08-19 14:29:48] [ INFO ] [PacienteServiceTest:15] Iniciando pruebaBusquedaPaciente...
[2024-08-19 14:29:49] [ INFO ] [BD:36] datos cargados con exito
[2024-08-19 14:29:49] [ INFO ] [PacienteService:26] Buscando paciente con ID: 2
[2024-08-19 14:29:49] [ INFO ] [PacienteDAOH2:133] Iniciando las operaciones de: búsqueda de paciente con ID: 2
[2024-08-19 14:29:49] [ INFO ] [DomicilioDAOH2:49] iniciando las operaciones de : busqueda de un domicilio con ID: 2
[2024-08-19 14:29:49] [ INFO ] [PacienteService:29] Paciente encontrado: com.example.clinicaOdontologica.Model.Paciente@6c7a164b
[2024-08-19 14:29:49] [ INFO ] [PacienteServiceTest:23] Paciente encontrado: com.example.clinicaOdontologica.Model.Paciente@6c7a164b
[2024-08-19 14:29:49] [ INFO ] [PacienteServiceTest:27] El apellido del paciente es el esperado: Vasquez
[2024-08-19 14:47:42] [ INFO ] [PacienteServiceTest:15] Iniciando pruebaBusquedaPaciente...
[2024-08-19 14:47:42] [ INFO ] [BD:36] datos cargados con exito
[2024-08-19 14:47:42] [ INFO ] [PacienteService:26] Buscando paciente con ID: 2
[2024-08-19 14:47:42] [ INFO ] [PacienteDAOH2:133] Iniciando las operaciones de: búsqueda de paciente con ID: 2
[2024-08-19 14:47:42] [ INFO ] [DomicilioDAOH2:49] iniciando las operaciones de : busqueda de un domicilio con ID: 2
[2024-08-19 14:47:42] [ INFO ] [PacienteService:29] Paciente encontrado: com.example.clinicaOdontologica.Model.Paciente@264f218
[2024-08-19 14:47:42] [ INFO ] [PacienteServiceTest:23] Paciente encontrado: com.example.clinicaOdontologica.Model.Paciente@264f218
[2024-08-19 14:47:42] [ INFO ] [PacienteServiceTest:27] El apellido del paciente es el esperado: Vasquez
[2024-08-19 14:50:22] [ INFO ] [PacienteService:37] Listando todos los pacientes
[2024-08-19 14:50:22] [ INFO ] [PacienteDAOH2:21] Iniciando las operaciones de: listar todos los pacientes
[2024-08-19 14:50:22] [ ERROR] [PacienteDAOH2:43] Problemas con la BD: org.h2.Driver
[2024-08-19 14:51:01] [ INFO ] [PacienteService:42] Buscando paciente con email: julian.espinoza@example.com
[2024-08-19 14:51:01] [ INFO ] [PacienteDAOH2:55] Iniciando la operación de búsqueda de paciente por email: julian.espinoza@example.com
[2024-08-19 14:51:01] [ ERROR] [PacienteDAOH2:77] Problemas con la BD: org.h2.Driver
[2024-08-19 14:51:32] [ INFO ] [PacienteService:42] Buscando paciente con email: helen.vasquez@example.com
[2024-08-19 14:51:32] [ INFO ] [PacienteDAOH2:55] Iniciando la operación de búsqueda de paciente por email: helen.vasquez@example.com
[2024-08-19 14:51:32] [ ERROR] [PacienteDAOH2:77] Problemas con la BD: org.h2.Driver
[2024-08-19 14:51:34] [ INFO ] [PacienteService:42] Buscando paciente con email: helen.vasquez@example.com
[2024-08-19 14:51:34] [ INFO ] [PacienteDAOH2:55] Iniciando la operación de búsqueda de paciente por email: helen.vasquez@example.com
[2024-08-19 14:51:34] [ ERROR] [PacienteDAOH2:77] Problemas con la BD: org.h2.Driver
[2024-08-19 14:52:10] [ INFO ] [PacienteService:37] Listando todos los pacientes
[2024-08-19 14:52:10] [ INFO ] [PacienteDAOH2:21] Iniciando las operaciones de: listar todos los pacientes
[2024-08-19 14:52:10] [ ERROR] [PacienteDAOH2:43] Problemas con la BD: org.h2.Driver
[2024-08-19 14:57:50] [ INFO ] [PacienteService:37] Listando todos los pacientes
[2024-08-19 14:57:50] [ INFO ] [PacienteDAOH2:21] Iniciando las operaciones de: listar todos los pacientes
[2024-08-19 14:57:50] [ ERROR] [PacienteDAOH2:43] Problemas con la BD: org.h2.Driver
[2024-08-19 14:57:51] [ INFO ] [PacienteService:37] Listando todos los pacientes
[2024-08-19 14:57:51] [ INFO ] [PacienteDAOH2:21] Iniciando las operaciones de: listar todos los pacientes
[2024-08-19 14:57:51] [ ERROR] [PacienteDAOH2:43] Problemas con la BD: org.h2.Driver
[2024-08-19 14:57:57] [ INFO ] [PacienteService:42] Buscando paciente con email: helen.vasquez@example.com
[2024-08-19 14:57:57] [ INFO ] [PacienteDAOH2:55] Iniciando la operación de búsqueda de paciente por email: helen.vasquez@example.com
[2024-08-19 14:57:57] [ ERROR] [PacienteDAOH2:77] Problemas con la BD: org.h2.Driver
[2024-08-19 14:57:59] [ INFO ] [PacienteService:42] Buscando paciente con email: helen.vasquez@example.com
[2024-08-19 14:57:59] [ INFO ] [PacienteDAOH2:55] Iniciando la operación de búsqueda de paciente por email: helen.vasquez@example.com
[2024-08-19 14:57:59] [ ERROR] [PacienteDAOH2:77] Problemas con la BD: org.h2.Driver
[2024-08-19 15:03:45] [ INFO ] [OdontologoServiceTest:19] Iniciando pruebaGuardarOdontologo...
[2024-08-19 15:03:45] [ INFO ] [BD:36] datos cargados con exito
[2024-08-19 15:03:45] [ INFO ] [OdontologoService:26] Listando todos los odontólogos
[2024-08-19 15:03:45] [ INFO ] [OdontologoDAOH2:51] iniciando las operaciones de listado
[2024-08-19 15:03:45] [ INFO ] [OdontologoService:28] Número de odontólogos encontrados: 2
[2024-08-19 15:03:45] [ INFO ] [OdontologoServiceTest:28] Lista de odontólogos obtenida con DAO H2: [com.example.clinicaOdontologica.Model.Odontologo@51133c06, com.example.clinicaOdontologica.Model.Odontologo@4b213651]
[2024-08-19 15:03:45] [ INFO ] [OdontologoServiceTest:32] La lista de odontólogos con DAO H2 no está vacía
[2024-08-19 15:03:45] [ INFO ] [PacienteServiceTest:15] Iniciando pruebaBusquedaPaciente...
[2024-08-19 15:03:45] [ INFO ] [BD:36] datos cargados con exito
[2024-08-19 15:03:45] [ INFO ] [PacienteService:26] Buscando paciente con ID: 2
[2024-08-19 15:03:45] [ INFO ] [PacienteDAOH2:133] Iniciando las operaciones de: búsqueda de paciente con ID: 2
[2024-08-19 15:03:45] [ INFO ] [DomicilioDAOH2:49] iniciando las operaciones de : busqueda de un domicilio con ID: 2
[2024-08-19 15:03:45] [ INFO ] [PacienteService:29] Paciente encontrado: com.example.clinicaOdontologica.Model.Paciente@132e0cc
[2024-08-19 15:03:45] [ INFO ] [PacienteServiceTest:23] Paciente encontrado: com.example.clinicaOdontologica.Model.Paciente@132e0cc
[2024-08-19 15:03:45] [ INFO ] [PacienteServiceTest:27] El apellido del paciente es el esperado: Vasquez
[2024-08-19 15:04:40] [ INFO ] [PacienteService:42] Buscando paciente con email: helen.vasquez@example.com
[2024-08-19 15:04:40] [ INFO ] [PacienteDAOH2:55] Iniciando la operación de búsqueda de paciente por email: helen.vasquez@example.com
[2024-08-19 15:04:40] [ ERROR] [PacienteDAOH2:77] Problemas con la BD: org.h2.Driver
[2024-08-19 15:04:43] [ INFO ] [PacienteService:37] Listando todos los pacientes
[2024-08-19 15:04:43] [ INFO ] [PacienteDAOH2:21] Iniciando las operaciones de: listar todos los pacientes
[2024-08-19 15:04:43] [ ERROR] [PacienteDAOH2:43] Problemas con la BD: org.h2.Driver
